<?xml version="1.0" encoding="UTF-8"?>
<testng-results ignored="0" total="3" passed="2" failed="1" skipped="0">
  <reporter-output>
  </reporter-output>
  <suite started-at="2024-10-09T15:25:12 IST" name="Suite" finished-at="2024-10-09T15:27:01 IST" duration-ms="108897">
    <groups>
      <group name="Smoke">
        <method signature="errortest.fillformerror()[pri:0, instance:Rahullshetty.FrameWork.testdata.errortest@13df2a8c]" name="fillformerror" class="Rahullshetty.FrameWork.testdata.errortest"/>
      </group> <!-- Smoke -->
    </groups>
    <test started-at="2024-10-09T15:25:12 IST" name="Test" finished-at="2024-10-09T15:27:01 IST" duration-ms="108897">
      <class name="Rahullshetty.FrameWork.ecommerce_hybrid3">
        <test-method is-config="true" signature="ConfigureAppium()[pri:0, instance:Rahullshetty.FrameWork.ecommerce_hybrid3@2ca923bb]" started-at="2024-10-09T15:25:12 IST" name="ConfigureAppium" finished-at="2024-10-09T15:25:28 IST" duration-ms="15402" status="PASS">
          <reporter-output>
          </reporter-output>
        </test-method> <!-- ConfigureAppium -->
        <test-method signature="fillform(java.util.HashMap)[pri:0, instance:Rahullshetty.FrameWork.ecommerce_hybrid3@2ca923bb]" started-at="2024-10-09T15:25:28 IST" name="fillform" data-provider="getData" finished-at="2024-10-09T15:26:03 IST" duration-ms="34727" status="PASS">
          <params>
            <param index="0">
              <value>
                <![CDATA[{name=sushma, country=Argentina, gender=Female}]]>
              </value>
            </param>
          </params>
          <reporter-output>
          </reporter-output>
        </test-method> <!-- fillform -->
        <test-method signature="fillform(java.util.HashMap)[pri:0, instance:Rahullshetty.FrameWork.ecommerce_hybrid3@2ca923bb]" started-at="2024-10-09T15:26:03 IST" name="fillform" data-provider="getData" finished-at="2024-10-09T15:26:30 IST" duration-ms="27492" status="PASS">
          <params>
            <param index="0">
              <value>
                <![CDATA[{name=sus, country=Argentina, gender=Female}]]>
              </value>
            </param>
          </params>
          <reporter-output>
          </reporter-output>
        </test-method> <!-- fillform -->
        <test-method is-config="true" signature="tearDown()[pri:0, instance:Rahullshetty.FrameWork.ecommerce_hybrid3@2ca923bb]" started-at="2024-10-09T15:26:30 IST" name="tearDown" finished-at="2024-10-09T15:26:31 IST" duration-ms="844" status="PASS">
          <reporter-output>
          </reporter-output>
        </test-method> <!-- tearDown -->
      </class> <!-- Rahullshetty.FrameWork.ecommerce_hybrid3 -->
      <class name="Rahullshetty.FrameWork.testdata.errortest">
        <test-method is-config="true" signature="ConfigureAppium()[pri:0, instance:Rahullshetty.FrameWork.testdata.errortest@13df2a8c]" started-at="2024-10-09T15:26:31 IST" name="ConfigureAppium" finished-at="2024-10-09T15:26:45 IST" duration-ms="13700" status="PASS">
          <reporter-output>
          </reporter-output>
        </test-method> <!-- ConfigureAppium -->
        <test-method signature="fillformerror()[pri:0, instance:Rahullshetty.FrameWork.testdata.errortest@13df2a8c]" started-at="2024-10-09T15:26:45 IST" name="fillformerror" finished-at="2024-10-09T15:27:00 IST" duration-ms="14713" status="FAIL">
          <exception class="java.lang.AssertionError">
            <message>
              <![CDATA[expected [Pleas  enter your ] but found [Please enter your name]]]>
            </message>
            <full-stacktrace>
              <![CDATA[java.lang.AssertionError: expected [Pleas  enter your ] but found [Please enter your name]
at org.testng.Assert.fail(Assert.java:111)
at org.testng.Assert.failNotEquals(Assert.java:1578)
at org.testng.Assert.assertEqualsImpl(Assert.java:150)
at org.testng.Assert.assertEquals(Assert.java:132)
at org.testng.Assert.assertEquals(Assert.java:656)
at org.testng.Assert.assertEquals(Assert.java:666)
at Rahullshetty.FrameWork.testdata.errortest.fillformerror(errortest.java:23)
at java.base/jdk.internal.reflect.NativeMethodAccessorImpl.invoke0(Native Method)
at java.base/jdk.internal.reflect.NativeMethodAccessorImpl.invoke(NativeMethodAccessorImpl.java:77)
at java.base/jdk.internal.reflect.DelegatingMethodAccessorImpl.invoke(DelegatingMethodAccessorImpl.java:43)
at java.base/java.lang.reflect.Method.invoke(Method.java:568)
at org.testng.internal.invokers.MethodInvocationHelper.invokeMethod(MethodInvocationHelper.java:141)
at org.testng.internal.invokers.TestInvoker.invokeMethod(TestInvoker.java:686)
at org.testng.internal.invokers.TestInvoker.invokeTestMethod(TestInvoker.java:230)
at org.testng.internal.invokers.MethodRunner.runInSequence(MethodRunner.java:63)
at org.testng.internal.invokers.TestInvoker$MethodInvocationAgent.invoke(TestInvoker.java:992)
at org.testng.internal.invokers.TestInvoker.invokeTestMethods(TestInvoker.java:203)
at org.testng.internal.invokers.TestMethodWorker.invokeTestMethods(TestMethodWorker.java:154)
at org.testng.internal.invokers.TestMethodWorker.run(TestMethodWorker.java:134)
at java.base/java.util.ArrayList.forEach(ArrayList.java:1511)
at org.testng.TestRunner.privateRun(TestRunner.java:739)
at org.testng.TestRunner.run(TestRunner.java:614)
at org.testng.SuiteRunner.runTest(SuiteRunner.java:421)
at org.testng.SuiteRunner.runSequentially(SuiteRunner.java:413)
at org.testng.SuiteRunner.privateRun(SuiteRunner.java:373)
at org.testng.SuiteRunner.run(SuiteRunner.java:312)
at org.testng.SuiteRunnerWorker.runSuite(SuiteRunnerWorker.java:52)
at org.testng.SuiteRunnerWorker.run(SuiteRunnerWorker.java:95)
at org.testng.TestNG.runSuitesSequentially(TestNG.java:1274)
at org.testng.TestNG.runSuitesLocally(TestNG.java:1208)
at org.testng.TestNG.runSuites(TestNG.java:1112)
at org.testng.TestNG.run(TestNG.java:1079)
at org.apache.maven.surefire.testng.TestNGExecutor.run(TestNGExecutor.java:308)
at org.apache.maven.surefire.testng.TestNGXmlTestSuite.execute(TestNGXmlTestSuite.java:71)
at org.apache.maven.surefire.testng.TestNGProvider.invoke(TestNGProvider.java:113)
at org.apache.maven.surefire.booter.ForkedBooter.runSuitesInProcess(ForkedBooter.java:385)
at org.apache.maven.surefire.booter.ForkedBooter.execute(ForkedBooter.java:162)
at org.apache.maven.surefire.booter.ForkedBooter.run(ForkedBooter.java:507)
at org.apache.maven.surefire.booter.ForkedBooter.main(ForkedBooter.java:495)
]]>
            </full-stacktrace>
          </exception> <!-- java.lang.AssertionError -->
          <reporter-output>
          </reporter-output>
        </test-method> <!-- fillformerror -->
        <test-method is-config="true" signature="tearDown()[pri:0, instance:Rahullshetty.FrameWork.testdata.errortest@13df2a8c]" started-at="2024-10-09T15:27:01 IST" name="tearDown" finished-at="2024-10-09T15:27:01 IST" duration-ms="642" status="PASS">
          <reporter-output>
          </reporter-output>
        </test-method> <!-- tearDown -->
      </class> <!-- Rahullshetty.FrameWork.testdata.errortest -->
    </test> <!-- Test -->
  </suite> <!-- Suite -->
</testng-results>
